Build started 07/03/2020 12:51:06.
     1>Project "C:\DSA\lectures\build\src\binaryTree\binaryTree.vcxproj" on node 2 (build target(s)).
     1>InitializeBuildStatus:
         Creating "binaryTree.dir\Release\binaryTree.unsuccessfulbuild" because "AlwaysCreate" was specified.
       CustomBuild:
         All outputs are up-to-date.
       ClCompile:
         C:\Program Files (x86)\Microsoft Visual Studio 10.0\VC\bin\CL.exe /c /nologo /W3 /WX- /O2 /Ob2 /Oy- /D WIN32 /D _WINDOWS /D NDEBUG /D _CRT_SECURE_NO_DEPRECATE /D "CMAKE_INTDIR=\"Release\"" /D _MBCS /Gm- /EHsc /MD /GS /fp:precise /Zc:wchar_t /Zc:forScope /GR /Fo"binaryTree.dir\Release\\" /Fd"binaryTree.dir\Release\vc100.pdb" /Gd /TP /analyze- /errorReport:prompt ..\..\..\src\binaryTree\binaryTreeApplication.cpp
         binaryTreeApplication.cpp
       Link:
         C:\Program Files (x86)\Microsoft Visual Studio 10.0\VC\bin\link.exe /ERRORREPORT:PROMPT /OUT:"C:\DSA\lectures\build\Release\binaryTree.exe" /INCREMENTAL:NO /NOLOGO kernel32.lib user32.lib gdi32.lib winspool.lib shell32.lib ole32.lib oleaut32.lib uuid.lib comdlg32.lib advapi32.lib /NODEFAULTLIB:"libc;libcmt.lib;libcmtd.lib" /MANIFEST /ManifestFile:"binaryTree.dir\Release\binaryTree.exe.intermediate.manifest" /MANIFESTUAC:"level='asInvoker' uiAccess='false'" /PDB:"C:/DSA/lectures/build/Release/binaryTree.pdb" /SUBSYSTEM:CONSOLE /TLBID:1 /DYNAMICBASE /NXCOMPAT /IMPLIB:"C:/DSA/lectures/build/Release/binaryTree.lib" /MACHINE:X86 binaryTree.dir\Release\binaryTreeApplication.obj
         binaryTree.dir\Release\binaryTreeImplementation.obj
         binaryTree.vcxproj -> C:\DSA\lectures\build\Release\binaryTree.exe
       Manifest:
         C:\Program Files (x86)\Microsoft SDKs\Windows\v7.0A\bin\mt.exe /nologo /verbose /outputresource:"C:\DSA\lectures\build\Release\binaryTree.exe;#1" /manifest binaryTree.dir\Release\binaryTree.exe.intermediate.manifest
       FinalizeBuildStatus:
         Deleting file "binaryTree.dir\Release\binaryTree.unsuccessfulbuild".
         Touching "binaryTree.dir\Release\binaryTree.lastbuildstate".
     1>Done Building Project "C:\DSA\lectures\build\src\binaryTree\binaryTree.vcxproj" (build target(s)).

Build succeeded.

Time Elapsed 00:00:00.82
