Build started 28/02/2020 15:41:46.
     1>Project "C:\DSA\assignments\assignment3\build\src\mmikail\mmikail.vcxproj" on node 2 (build target(s)).
     1>InitializeBuildStatus:
         Creating "mmikail.dir\Debug\mmikail.unsuccessfulbuild" because "AlwaysCreate" was specified.
       CustomBuild:
         All outputs are up-to-date.
       ClCompile:
         C:\Program Files (x86)\Microsoft Visual Studio 10.0\VC\bin\CL.exe /c /Zi /nologo /W3 /WX- /Od /Ob0 /Oy- /D WIN32 /D _WINDOWS /D _CRT_SECURE_NO_DEPRECATE /D "CMAKE_INTDIR=\"Debug\"" /D _MBCS /Gm- /EHsc /RTC1 /MDd /GS /fp:precise /Zc:wchar_t /Zc:forScope /GR /Fo"mmikail.dir\Debug\\" /Fd"mmikail.dir\Debug\vc100.pdb" /Gd /TP /analyze- /errorReport:prompt ..\..\..\src\mmikail\assignment3Application.cpp
         assignment3Application.cpp
     1>..\..\..\src\mmikail\assignment3Application.cpp(184): warning C4101: 'qu_lengths' : unreferenced local variable
       ManifestResourceCompile:
         All outputs are up-to-date.
       Link:
         C:\Program Files (x86)\Microsoft Visual Studio 10.0\VC\bin\link.exe /ERRORREPORT:PROMPT /OUT:"C:\DSA\assignments\assignment3\build\Debug\mmikail.exe" /INCREMENTAL /NOLOGO kernel32.lib user32.lib gdi32.lib winspool.lib shell32.lib ole32.lib oleaut32.lib uuid.lib comdlg32.lib advapi32.lib /NODEFAULTLIB:"libc;libcmt.lib;libcmtd.lib" /MANIFEST /ManifestFile:"mmikail.dir\Debug\mmikail.exe.intermediate.manifest" /MANIFESTUAC:"level='asInvoker' uiAccess='false'" /DEBUG /PDB:"C:/DSA/assignments/assignment3/build/Debug/mmikail.pdb" /SUBSYSTEM:CONSOLE /TLBID:1 /DYNAMICBASE /NXCOMPAT /IMPLIB:"C:/DSA/assignments/assignment3/build/Debug/mmikail.lib" /MACHINE:X86 mmikail.dir\Debug\mmikail.exe.embed.manifest.res
         mmikail.dir\Debug\assignment3Application.obj
         mmikail.dir\Debug\assignment3Implementation.obj
         mmikail.dir\Debug\linkedListImplementation.obj  /machine:X86
       Manifest:
         C:\Program Files (x86)\Microsoft SDKs\Windows\v7.0A\bin\mt.exe /nologo /verbose /out:"mmikail.dir\Debug\mmikail.exe.embed.manifest" /manifest mmikail.dir\Debug\mmikail.exe.intermediate.manifest
         All outputs are up-to-date.
       LinkEmbedManifest:
         All outputs are up-to-date.
         mmikail.vcxproj -> C:\DSA\assignments\assignment3\build\Debug\mmikail.exe
       FinalizeBuildStatus:
         Deleting file "mmikail.dir\Debug\mmikail.unsuccessfulbuild".
         Touching "mmikail.dir\Debug\mmikail.lastbuildstate".
     1>Done Building Project "C:\DSA\assignments\assignment3\build\src\mmikail\mmikail.vcxproj" (build target(s)).

Build succeeded.

Time Elapsed 00:00:01.04
