C:\DSA\ASSIGNMENTS\ASSIGNMENT3\BUILD\RELEASE\MMIKAIL.EXE
C:\DSA\ASSIGNMENTS\ASSIGNMENT3\BUILD\SRC\MMIKAIL\CMAKEFILES\GENERATE.STAMP
C:\DSA\ASSIGNMENTS\ASSIGNMENT3\BUILD\SRC\MMIKAIL\MMIKAIL.DIR\RELEASE\ASSIGNMENT3APPLICATION.OBJ
C:\DSA\ASSIGNMENTS\ASSIGNMENT3\BUILD\SRC\MMIKAIL\MMIKAIL.DIR\RELEASE\ASSIGNMENT3IMPLEMENTATION.OBJ
C:\DSA\assignments\assignment3\build\src\mmikail\mmikail.dir\Release\cl.command.1.tlog
C:\DSA\assignments\assignment3\build\src\mmikail\mmikail.dir\Release\CL.read.1.tlog
C:\DSA\assignments\assignment3\build\src\mmikail\mmikail.dir\Release\CL.write.1.tlog
C:\DSA\assignments\assignment3\build\src\mmikail\mmikail.dir\Release\custombuild.command.1.tlog
C:\DSA\assignments\assignment3\build\src\mmikail\mmikail.dir\Release\custombuild.read.1.tlog
C:\DSA\assignments\assignment3\build\src\mmikail\mmikail.dir\Release\custombuild.write.1.tlog
C:\DSA\assignments\assignment3\build\src\mmikail\mmikail.dir\Release\link.command.1.tlog
C:\DSA\assignments\assignment3\build\src\mmikail\mmikail.dir\Release\link.read.1.tlog
C:\DSA\assignments\assignment3\build\src\mmikail\mmikail.dir\Release\link.write.1.tlog
C:\DSA\ASSIGNMENTS\ASSIGNMENT3\BUILD\SRC\MMIKAIL\MMIKAIL.DIR\RELEASE\LINKEDLISTIMPLEMENTATION.OBJ
C:\DSA\ASSIGNMENTS\ASSIGNMENT3\BUILD\SRC\MMIKAIL\MMIKAIL.DIR\RELEASE\MMIKAIL.EXE.INTERMEDIATE.MANIFEST
C:\DSA\assignments\assignment3\build\src\mmikail\mmikail.dir\Release\mmikail.vcxprojResolveAssemblyReference.cache
C:\DSA\assignments\assignment3\build\src\mmikail\mmikail.dir\Release\mmikail.write.1.tlog
C:\DSA\assignments\assignment3\build\src\mmikail\mmikail.dir\Release\mt.command.1.tlog
C:\DSA\assignments\assignment3\build\src\mmikail\mmikail.dir\Release\mt.read.1.tlog
C:\DSA\assignments\assignment3\build\src\mmikail\mmikail.dir\Release\mt.write.1.tlog
