Build started 07/03/2020 12:50:02.
     1>Project "C:\DSA\lectures\build\src\towerOfHanoi\towerOfHanoi.vcxproj" on node 4 (build target(s)).
     1>InitializeBuildStatus:
         Creating "towerOfHanoi.dir\Release\towerOfHanoi.unsuccessfulbuild" because "AlwaysCreate" was specified.
       CustomBuild:
         All outputs are up-to-date.
       ClCompile:
         All outputs are up-to-date.
       Link:
         All outputs are up-to-date.
         C:\Program Files (x86)\Microsoft Visual Studio 10.0\VC\bin\link.exe /ERRORREPORT:PROMPT /OUT:"C:\DSA\lectures\build\Release\towerOfHanoi.exe" /INCREMENTAL:NO /NOLOGO kernel32.lib user32.lib gdi32.lib winspool.lib shell32.lib ole32.lib oleaut32.lib uuid.lib comdlg32.lib advapi32.lib /NODEFAULTLIB:"libc;libcmt.lib;libcmtd.lib" /MANIFEST /ManifestFile:"towerOfHanoi.dir\Release\towerOfHanoi.exe.intermediate.manifest" /MANIFESTUAC:"level='asInvoker' uiAccess='false'" /PDB:"C:/DSA/lectures/build/Release/towerOfHanoi.pdb" /SUBSYSTEM:CONSOLE /TLBID:1 /DYNAMICBASE /NXCOMPAT /IMPLIB:"C:/DSA/lectures/build/Release/towerOfHanoi.lib" /MACHINE:X86 towerOfHanoi.dir\Release\towerOfHanoiApplication.obj
         towerOfHanoi.dir\Release\towerOfHanoiImplementation.obj
         towerOfHanoi.vcxproj -> C:\DSA\lectures\build\Release\towerOfHanoi.exe
       Manifest:
         C:\Program Files (x86)\Microsoft SDKs\Windows\v7.0A\bin\mt.exe /nologo /verbose /outputresource:"C:\DSA\lectures\build\Release\towerOfHanoi.exe;#1" /manifest towerOfHanoi.dir\Release\towerOfHanoi.exe.intermediate.manifest
       FinalizeBuildStatus:
         Deleting file "towerOfHanoi.dir\Release\towerOfHanoi.unsuccessfulbuild".
         Touching "towerOfHanoi.dir\Release\towerOfHanoi.lastbuildstate".
     1>Done Building Project "C:\DSA\lectures\build\src\towerOfHanoi\towerOfHanoi.vcxproj" (build target(s)).

Build succeeded.

Time Elapsed 00:00:00.76
