Build started 07/03/2020 12:50:02.
     1>Project "C:\DSA\lectures\build\src\arrayList\arrayList.vcxproj" on node 3 (build target(s)).
     1>InitializeBuildStatus:
         Creating "arrayList.dir\Release\arrayList.unsuccessfulbuild" because "AlwaysCreate" was specified.
       CustomBuild:
         All outputs are up-to-date.
       ClCompile:
         All outputs are up-to-date.
       Link:
         All outputs are up-to-date.
         C:\Program Files (x86)\Microsoft Visual Studio 10.0\VC\bin\link.exe /ERRORREPORT:PROMPT /OUT:"C:\DSA\lectures\build\Release\arrayList.exe" /INCREMENTAL:NO /NOLOGO kernel32.lib user32.lib gdi32.lib winspool.lib shell32.lib ole32.lib oleaut32.lib uuid.lib comdlg32.lib advapi32.lib /NODEFAULTLIB:"libc;libcmt.lib;libcmtd.lib" /MANIFEST /ManifestFile:"arrayList.dir\Release\arrayList.exe.intermediate.manifest" /MANIFESTUAC:"level='asInvoker' uiAccess='false'" /PDB:"C:/DSA/lectures/build/Release/arrayList.pdb" /SUBSYSTEM:CONSOLE /TLBID:1 /DYNAMICBASE /NXCOMPAT /IMPLIB:"C:/DSA/lectures/build/Release/arrayList.lib" /MACHINE:X86 arrayList.dir\Release\arrayListApplication.obj
         arrayList.dir\Release\arrayListImplementation.obj
         arrayList.vcxproj -> C:\DSA\lectures\build\Release\arrayList.exe
       Manifest:
         C:\Program Files (x86)\Microsoft SDKs\Windows\v7.0A\bin\mt.exe /nologo /verbose /outputresource:"C:\DSA\lectures\build\Release\arrayList.exe;#1" /manifest arrayList.dir\Release\arrayList.exe.intermediate.manifest
       FinalizeBuildStatus:
         Deleting file "arrayList.dir\Release\arrayList.unsuccessfulbuild".
         Touching "arrayList.dir\Release\arrayList.lastbuildstate".
     1>Done Building Project "C:\DSA\lectures\build\src\arrayList\arrayList.vcxproj" (build target(s)).

Build succeeded.

Time Elapsed 00:00:00.75
