Build started 07/03/2020 12:50:01.
     1>Project "C:\DSA\lectures\build\src\linkedList\linkedList.vcxproj" on node 5 (build target(s)).
     1>InitializeBuildStatus:
         Creating "linkedList.dir\Release\linkedList.unsuccessfulbuild" because "AlwaysCreate" was specified.
       CustomBuild:
         All outputs are up-to-date.
       ClCompile:
         All outputs are up-to-date.
       Link:
         All outputs are up-to-date.
         C:\Program Files (x86)\Microsoft Visual Studio 10.0\VC\bin\link.exe /ERRORREPORT:PROMPT /OUT:"C:\DSA\lectures\build\Release\linkedList.exe" /INCREMENTAL:NO /NOLOGO kernel32.lib user32.lib gdi32.lib winspool.lib shell32.lib ole32.lib oleaut32.lib uuid.lib comdlg32.lib advapi32.lib /NODEFAULTLIB:"libc;libcmt.lib;libcmtd.lib" /MANIFEST /ManifestFile:"linkedList.dir\Release\linkedList.exe.intermediate.manifest" /MANIFESTUAC:"level='asInvoker' uiAccess='false'" /PDB:"C:/DSA/lectures/build/Release/linkedList.pdb" /SUBSYSTEM:CONSOLE /TLBID:1 /DYNAMICBASE /NXCOMPAT /IMPLIB:"C:/DSA/lectures/build/Release/linkedList.lib" /MACHINE:X86 linkedList.dir\Release\linkedListApplication.obj
         linkedList.dir\Release\linkedListImplementation.obj
         linkedList.vcxproj -> C:\DSA\lectures\build\Release\linkedList.exe
       Manifest:
         C:\Program Files (x86)\Microsoft SDKs\Windows\v7.0A\bin\mt.exe /nologo /verbose /outputresource:"C:\DSA\lectures\build\Release\linkedList.exe;#1" /manifest linkedList.dir\Release\linkedList.exe.intermediate.manifest
       FinalizeBuildStatus:
         Deleting file "linkedList.dir\Release\linkedList.unsuccessfulbuild".
         Touching "linkedList.dir\Release\linkedList.lastbuildstate".
     1>Done Building Project "C:\DSA\lectures\build\src\linkedList\linkedList.vcxproj" (build target(s)).

Build succeeded.

Time Elapsed 00:00:01.07
