Build started 07/03/2020 12:50:01.
     1>Project "C:\DSA\lectures\build\src\graph\graph.vcxproj" on node 2 (build target(s)).
     1>InitializeBuildStatus:
         Creating "graph.dir\Release\graph.unsuccessfulbuild" because "AlwaysCreate" was specified.
       CustomBuild:
         All outputs are up-to-date.
       ClCompile:
         All outputs are up-to-date.
       Link:
         All outputs are up-to-date.
         C:\Program Files (x86)\Microsoft Visual Studio 10.0\VC\bin\link.exe /ERRORREPORT:PROMPT /OUT:"C:\DSA\lectures\build\Release\graph.exe" /INCREMENTAL:NO /NOLOGO kernel32.lib user32.lib gdi32.lib winspool.lib shell32.lib ole32.lib oleaut32.lib uuid.lib comdlg32.lib advapi32.lib /NODEFAULTLIB:"libc;libcmt.lib;libcmtd.lib" /MANIFEST /ManifestFile:"graph.dir\Release\graph.exe.intermediate.manifest" /MANIFESTUAC:"level='asInvoker' uiAccess='false'" /PDB:"C:/DSA/lectures/build/Release/graph.pdb" /SUBSYSTEM:CONSOLE /TLBID:1 /DYNAMICBASE /NXCOMPAT /IMPLIB:"C:/DSA/lectures/build/Release/graph.lib" /MACHINE:X86 graph.dir\Release\graphApplication.obj
         graph.dir\Release\graphImplementation.obj
         graph.vcxproj -> C:\DSA\lectures\build\Release\graph.exe
       Manifest:
         C:\Program Files (x86)\Microsoft SDKs\Windows\v7.0A\bin\mt.exe /nologo /verbose /outputresource:"C:\DSA\lectures\build\Release\graph.exe;#1" /manifest graph.dir\Release\graph.exe.intermediate.manifest
       FinalizeBuildStatus:
         Deleting file "graph.dir\Release\graph.unsuccessfulbuild".
         Touching "graph.dir\Release\graph.lastbuildstate".
     1>Done Building Project "C:\DSA\lectures\build\src\graph\graph.vcxproj" (build target(s)).

Build succeeded.

Time Elapsed 00:00:00.77
