Build started 07/03/2020 12:50:01.
     1>Project "C:\DSA\lectures\build\src\quicksortIntegers\quicksortIntegers.vcxproj" on node 3 (build target(s)).
     1>InitializeBuildStatus:
         Creating "quicksortIntegers.dir\Release\quicksortIntegers.unsuccessfulbuild" because "AlwaysCreate" was specified.
       CustomBuild:
         All outputs are up-to-date.
       ClCompile:
         All outputs are up-to-date.
       Link:
         All outputs are up-to-date.
         C:\Program Files (x86)\Microsoft Visual Studio 10.0\VC\bin\link.exe /ERRORREPORT:PROMPT /OUT:"C:\DSA\lectures\build\Release\quicksortIntegers.exe" /INCREMENTAL:NO /NOLOGO kernel32.lib user32.lib gdi32.lib winspool.lib shell32.lib ole32.lib oleaut32.lib uuid.lib comdlg32.lib advapi32.lib /NODEFAULTLIB:"libc;libcmt.lib;libcmtd.lib" /MANIFEST /ManifestFile:"quicksortIntegers.dir\Release\quicksortIntegers.exe.intermediate.manifest" /MANIFESTUAC:"level='asInvoker' uiAccess='false'" /PDB:"C:/DSA/lectures/build/Release/quicksortIntegers.pdb" /SUBSYSTEM:CONSOLE /TLBID:1 /DYNAMICBASE /NXCOMPAT /IMPLIB:"C:/DSA/lectures/build/Release/quicksortIntegers.lib" /MACHINE:X86 quicksortIntegers.dir\Release\quicksortIntegersApplication.obj
         quicksortIntegers.dir\Release\quicksortIntegersImplementation.obj
         quicksortIntegers.vcxproj -> C:\DSA\lectures\build\Release\quicksortIntegers.exe
       Manifest:
         C:\Program Files (x86)\Microsoft SDKs\Windows\v7.0A\bin\mt.exe /nologo /verbose /outputresource:"C:\DSA\lectures\build\Release\quicksortIntegers.exe;#1" /manifest quicksortIntegers.dir\Release\quicksortIntegers.exe.intermediate.manifest
       FinalizeBuildStatus:
         Deleting file "quicksortIntegers.dir\Release\quicksortIntegers.unsuccessfulbuild".
         Touching "quicksortIntegers.dir\Release\quicksortIntegers.lastbuildstate".
     1>Done Building Project "C:\DSA\lectures\build\src\quicksortIntegers\quicksortIntegers.vcxproj" (build target(s)).

Build succeeded.

Time Elapsed 00:00:01.28
