C:\DSA\ASSIGNMENTS\ASSIGNMENT2\BUILD\DEBUG\MMIKAIL.EXE
C:\DSA\ASSIGNMENTS\ASSIGNMENT2\BUILD\DEBUG\MMIKAIL.ILK
C:\DSA\ASSIGNMENTS\ASSIGNMENT2\BUILD\DEBUG\MMIKAIL.PDB
C:\DSA\ASSIGNMENTS\ASSIGNMENT2\BUILD\SRC\MMIKAIL\CMAKEFILES\GENERATE.STAMP
C:\DSA\ASSIGNMENTS\ASSIGNMENT2\BUILD\SRC\MMIKAIL\MMIKAIL.DIR\DEBUG\ASSIGNMENT2APPLICATION.OBJ
C:\DSA\ASSIGNMENTS\ASSIGNMENT2\BUILD\SRC\MMIKAIL\MMIKAIL.DIR\DEBUG\ASSIGNMENT2IMPLEMENTATION.OBJ
C:\DSA\assignments\assignment2\build\src\mmikail\mmikail.dir\Debug\cl.command.1.tlog
C:\DSA\assignments\assignment2\build\src\mmikail\mmikail.dir\Debug\CL.read.1.tlog
C:\DSA\assignments\assignment2\build\src\mmikail\mmikail.dir\Debug\CL.write.1.tlog
C:\DSA\assignments\assignment2\build\src\mmikail\mmikail.dir\Debug\custombuild.command.1.tlog
C:\DSA\assignments\assignment2\build\src\mmikail\mmikail.dir\Debug\custombuild.read.1.tlog
C:\DSA\assignments\assignment2\build\src\mmikail\mmikail.dir\Debug\custombuild.write.1.tlog
C:\DSA\assignments\assignment2\build\src\mmikail\mmikail.dir\Debug\link.5960.read.1.tlog
C:\DSA\assignments\assignment2\build\src\mmikail\mmikail.dir\Debug\link.5960.write.1.tlog
C:\DSA\assignments\assignment2\build\src\mmikail\mmikail.dir\Debug\link.5960-cvtres.read.1.tlog
C:\DSA\assignments\assignment2\build\src\mmikail\mmikail.dir\Debug\link.5960-cvtres.write.1.tlog
C:\DSA\assignments\assignment2\build\src\mmikail\mmikail.dir\Debug\link.command.1.tlog
C:\DSA\assignments\assignment2\build\src\mmikail\mmikail.dir\Debug\link.read.1.tlog
C:\DSA\assignments\assignment2\build\src\mmikail\mmikail.dir\Debug\link.write.1.tlog
C:\DSA\assignments\assignment2\build\src\mmikail\mmikail.dir\Debug\link-cvtres.read.1.tlog
C:\DSA\assignments\assignment2\build\src\mmikail\mmikail.dir\Debug\link-cvtres.write.1.tlog
C:\DSA\ASSIGNMENTS\ASSIGNMENT2\BUILD\SRC\MMIKAIL\MMIKAIL.DIR\DEBUG\MMIKAIL.EXE.EMBED.MANIFEST
C:\DSA\ASSIGNMENTS\ASSIGNMENT2\BUILD\SRC\MMIKAIL\MMIKAIL.DIR\DEBUG\MMIKAIL.EXE.EMBED.MANIFEST.RES
C:\DSA\ASSIGNMENTS\ASSIGNMENT2\BUILD\SRC\MMIKAIL\MMIKAIL.DIR\DEBUG\MMIKAIL.EXE.INTERMEDIATE.MANIFEST
C:\DSA\assignments\assignment2\build\src\mmikail\mmikail.dir\Debug\mmikail.write.1.tlog
C:\DSA\assignments\assignment2\build\src\mmikail\mmikail.dir\Debug\mmikail_manifest.rc
C:\DSA\assignments\assignment2\build\src\mmikail\mmikail.dir\Debug\mt.command.1.tlog
C:\DSA\assignments\assignment2\build\src\mmikail\mmikail.dir\Debug\mt.read.1.tlog
C:\DSA\assignments\assignment2\build\src\mmikail\mmikail.dir\Debug\mt.write.1.tlog
C:\DSA\assignments\assignment2\build\src\mmikail\mmikail.dir\Debug\rc.command.1.tlog
C:\DSA\assignments\assignment2\build\src\mmikail\mmikail.dir\Debug\rc.read.1.tlog
C:\DSA\assignments\assignment2\build\src\mmikail\mmikail.dir\Debug\rc.write.1.tlog
C:\DSA\ASSIGNMENTS\ASSIGNMENT2\BUILD\SRC\MMIKAIL\MMIKAIL.DIR\DEBUG\VC100.PDB
