Build started 09/02/2020 17:07:23.
     1>Project "C:\DSA\assignments\assignment2\build\INSTALL.vcxproj" on node 2 (build target(s)).
     1>InitializeBuildStatus:
         Creating "Win32\Debug\INSTALL\INSTALL.unsuccessfulbuild" because "AlwaysCreate" was specified.
       PostBuildEvent:
         setlocal
         "C:\Program Files (x86)\CMake\bin\cmake.exe" -DBUILD_TYPE=Debug -P cmake_install.cmake
         if %errorlevel% neq 0 goto :cmEnd
         :cmEnd
         endlocal & call :cmErrorLevel %errorlevel% & goto :cmDone
         :cmErrorLevel
         exit /b %1
         :cmDone
         if %errorlevel% neq 0 goto :VCEnd
         :VCEnd
         -- Install configuration: "Debug"
         -- Installing: C:/DSA/assignments/assignment2/bin/mmikail.exe
       FinalizeBuildStatus:
         Deleting file "Win32\Debug\INSTALL\INSTALL.unsuccessfulbuild".
         Touching "Win32\Debug\INSTALL\INSTALL.lastbuildstate".
     1>Done Building Project "C:\DSA\assignments\assignment2\build\INSTALL.vcxproj" (build target(s)).

Build succeeded.

Time Elapsed 00:00:01.89
